<?xml version="1.0" encoding="UTF-8"?>
<testng-results ignored="0" total="1" passed="1" failed="0" skipped="0">
  <reporter-output>
  </reporter-output>
  <suite started-at="2023-09-07T13:15:18 EDT" name="Default suite" finished-at="2023-09-07T13:15:31 EDT" duration-ms="13913">
    <groups>
      <group name="cucumber">
        <method signature="AbstractTestNGCucumberTests.feature(cucumber.api.testng.CucumberFeatureWrapper)[pri:0, instance:testRunner.runnerClass@7fd50002]" name="feature" class="cucumber.api.testng.AbstractTestNGCucumberTests"/>
      </group> <!-- cucumber -->
    </groups>
    <test started-at="2023-09-07T13:15:18 EDT" name="Default test" finished-at="2023-09-07T13:15:31 EDT" duration-ms="13913">
      <class name="testRunner.runnerClass">
        <test-method is-config="true" signature="setUpClass()[pri:0, instance:testRunner.runnerClass@7fd50002]" started-at="2023-09-07T13:15:18 EDT" name="setUpClass" finished-at="2023-09-07T13:15:18 EDT" duration-ms="213" status="PASS">
          <reporter-output>
          </reporter-output>
        </test-method> <!-- setUpClass -->
        <test-method signature="feature(cucumber.api.testng.CucumberFeatureWrapper)[pri:0, instance:testRunner.runnerClass@7fd50002]" started-at="2023-09-07T13:15:18 EDT" name="feature" description="Runs Cucumber Feature" data-provider="features" finished-at="2023-09-07T13:15:31 EDT" duration-ms="13575" status="PASS">
          <params>
            <param index="0">
              <value>
                <![CDATA[]]>
              </value>
            </param>
          </params>
          <reporter-output>
          </reporter-output>
        </test-method> <!-- feature -->
        <test-method is-config="true" signature="tearDownClass()[pri:0, instance:testRunner.runnerClass@7fd50002]" started-at="2023-09-07T13:15:31 EDT" name="tearDownClass" finished-at="2023-09-07T13:15:31 EDT" duration-ms="9" status="PASS">
          <reporter-output>
          </reporter-output>
        </test-method> <!-- tearDownClass -->
      </class> <!-- testRunner.runnerClass -->
    </test> <!-- Default test -->
  </suite> <!-- Default suite -->
</testng-results>
